<?xml version="1.0" encoding="UTF-8"?>
<!-- Generated by org.testng.reporters.JUnitReportReporter -->
<testsuite hostname="DESKTOP-HN0JOUI" failures="0" tests="1" name="com.qa.DB_Testing.DB_Test" time="6.353" errors="0" timestamp="2022-09-12T08:13:12 IST" skipped="0">
  <testcase classname="com.qa.DB_Testing.DB_Test" name="updateData" time="6.353"/>
  <system-out/>
</testsuite> <!-- com.qa.DB_Testing.DB_Test -->
